<?xml version="1.0" encoding="UTF-8"?>
<testng-results ignored="0" total="6" passed="6" failed="0" skipped="0">
  <reporter-output>
  </reporter-output>
  <suite started-at="2024-12-25T13:21:18 IST" name="Default suite" finished-at="2024-12-25T13:21:27 IST" duration-ms="8950">
    <groups>
    </groups>
    <test started-at="2024-12-25T13:21:18 IST" name="Default test" finished-at="2024-12-25T13:21:27 IST" duration-ms="8950">
      <class name="TestScript.ArticlePost">
        <test-method is-config="true" signature="setup()[pri:0, instance:TestScript.ArticlePost@302fec27]" started-at="2024-12-25T13:21:18 IST" name="setup" finished-at="2024-12-25T13:21:19 IST" duration-ms="1494" status="PASS">
          <reporter-output>
          </reporter-output>
        </test-method> <!-- setup -->
        <test-method signature="loginTest()[pri:1, instance:TestScript.ArticlePost@302fec27]" started-at="2024-12-25T13:21:20 IST" name="loginTest" finished-at="2024-12-25T13:21:21 IST" duration-ms="1297" status="PASS">
          <reporter-output>
          </reporter-output>
        </test-method> <!-- loginTest -->
        <test-method signature="articleNew()[pri:2, instance:TestScript.ArticlePost@302fec27]" started-at="2024-12-25T13:21:21 IST" name="articleNew" finished-at="2024-12-25T13:21:23 IST" duration-ms="1878" status="PASS">
          <reporter-output>
          </reporter-output>
        </test-method> <!-- articleNew -->
        <test-method signature="viewArticle()[pri:3, instance:TestScript.ArticlePost@302fec27]" started-at="2024-12-25T13:21:23 IST" name="viewArticle" finished-at="2024-12-25T13:21:24 IST" duration-ms="1137" status="PASS">
          <reporter-output>
          </reporter-output>
        </test-method> <!-- viewArticle -->
        <test-method signature="EditArticle()[pri:4, instance:TestScript.ArticlePost@302fec27]" started-at="2024-12-25T13:21:24 IST" name="EditArticle" finished-at="2024-12-25T13:21:25 IST" duration-ms="1562" status="PASS">
          <reporter-output>
          </reporter-output>
        </test-method> <!-- EditArticle -->
        <test-method signature="DeleteArticle()[pri:5, instance:TestScript.ArticlePost@302fec27]" started-at="2024-12-25T13:21:25 IST" name="DeleteArticle" finished-at="2024-12-25T13:21:26 IST" duration-ms="491" status="PASS">
          <reporter-output>
          </reporter-output>
        </test-method> <!-- DeleteArticle -->
        <test-method signature="MessageDisplayed()[pri:5, instance:TestScript.ArticlePost@302fec27]" started-at="2024-12-25T13:21:26 IST" name="MessageDisplayed" finished-at="2024-12-25T13:21:27 IST" duration-ms="821" status="PASS">
          <reporter-output>
          </reporter-output>
        </test-method> <!-- MessageDisplayed -->
      </class> <!-- TestScript.ArticlePost -->
    </test> <!-- Default test -->
  </suite> <!-- Default suite -->
</testng-results>
